<?xml version="1.0" encoding="UTF-8"?>
<!-- Generated by org.testng.reporters.JUnitReportReporter -->
<testsuite name="DraganddropjQuery" tests="1" time="7.363" ignored="0" failures="0" timestamp="07 Jul 2019 15:18:38 GMT" skipped="0" hostname="DESKTOP-5TRQ2HB" errors="0">
  <testcase name="draganddrop" time="7.363" classname="DraganddropjQuery"/>
</testsuite> <!-- DraganddropjQuery -->
