<?xml version="1.0" encoding="UTF-8"?>
<!-- Generated by org.testng.reporters.JUnitReportReporter -->
<testsuite name="tests.GetAttributePractice" tests="1" time="12.815" ignored="0" failures="0" timestamp="03 Jul 2019 03:36:30 GMT" skipped="0" hostname="DESKTOP-5TRQ2HB" errors="0">
  <testcase name="imageCheckUsingGetAttribute" time="12.815" classname="tests.GetAttributePractice"/>
</testsuite> <!-- tests.GetAttributePractice -->
