<?xml version="1.0" encoding="UTF-8"?>
<!-- Generated by org.testng.reporters.JUnitReportReporter -->
<testsuite hostname="DESKTOP-5TRQ2HB" name="tests.DraganddropjQuery" tests="1" failures="0" timestamp="16 Jul 2019 20:16:53 GMT" time="7.662" errors="0">
  <testcase name="draganddrop" time="7.662" classname="tests.DraganddropjQuery"/>
</testsuite> <!-- tests.DraganddropjQuery -->
