<?xml version="1.0" encoding="UTF-8"?>
<!-- Generated by org.testng.reporters.JUnitReportReporter -->
<testsuite name="tests.GetAttributeTest" tests="1" time="10.870" ignored="0" failures="0" timestamp="19 Jul 2019 05:54:03 GMT" skipped="0" hostname="DESKTOP-5TRQ2HB" errors="0">
  <testcase name="imageVerification" time="10.870" classname="tests.GetAttributeTest"/>
</testsuite> <!-- tests.GetAttributeTest -->
