<?xml version="1.0" encoding="UTF-8"?>
<!-- Generated by org.testng.reporters.JUnitReportReporter -->
<testsuite name="tests.Countlinks" tests="1" time="14.428" ignored="0" failures="0" timestamp="12 Jul 2019 05:59:05 GMT" skipped="0" hostname="DESKTOP-5TRQ2HB" errors="0">
  <testcase name="Countinglinks" time="14.428" classname="tests.Countlinks"/>
</testsuite> <!-- tests.Countlinks -->
