<?xml version="1.0" encoding="UTF-8"?>
<!-- Generated by org.testng.reporters.JUnitReportReporter -->
<testsuite name="tests.Testwebsite" tests="1" time="12.225" ignored="0" failures="0" timestamp="28 Jun 2019 21:35:49 GMT" skipped="0" hostname="DESKTOP-5TRQ2HB" errors="0">
  <testcase name="test1" time="12.225" classname="tests.Testwebsite"/>
</testsuite> <!-- tests.Testwebsite -->
