<?xml version="1.0" encoding="UTF-8"?>
<!-- Generated by org.testng.reporters.JUnitReportReporter -->
<testsuite hostname="DESKTOP-5TRQ2HB" name="tests.GetAttributePractice" tests="1" failures="0" timestamp="16 Jul 2019 20:16:53 GMT" time="9.406" errors="0">
  <testcase name="imageCheckUsingGetAttribute" time="9.406" classname="tests.GetAttributePractice"/>
</testsuite> <!-- tests.GetAttributePractice -->
