<?xml version="1.0" encoding="UTF-8"?>
<!-- Generated by org.testng.reporters.JUnitReportReporter -->
<testsuite name="tests.ScreenshotforFailingtest" tests="1" time="9.031" ignored="0" failures="0" timestamp="09 Jul 2019 15:18:53 GMT" skipped="0" hostname="DESKTOP-5TRQ2HB" errors="0">
  <testcase name="textCheck" time="9.031" classname="tests.ScreenshotforFailingtest"/>
</testsuite> <!-- tests.ScreenshotforFailingtest -->
