<?xml version="1.0" encoding="UTF-8"?>
<!-- Generated by org.testng.reporters.JUnitReportReporter -->
<testsuite hostname="DESKTOP-5TRQ2HB" name="base.Config" tests="1" failures="0" timestamp="23 Jun 2019 14:50:01 GMT" time="8.953" errors="0">
  <testcase name="beforeTest" time="8.953" classname="base.Config"/>
</testsuite> <!-- base.Config -->
