<?xml version="1.0" encoding="UTF-8"?>
<!-- Generated by org.testng.reporters.JUnitReportReporter -->
<testsuite name="tests.ScreenshotforFailingtest" tests="1" time="8.920" ignored="0" failures="0" timestamp="28 Jun 2019 21:35:49 GMT" skipped="0" hostname="DESKTOP-5TRQ2HB" errors="0">
  <testcase name="textCheck" time="8.920" classname="tests.ScreenshotforFailingtest"/>
</testsuite> <!-- tests.ScreenshotforFailingtest -->
