<?xml version="1.0" encoding="UTF-8"?>
<!-- Generated by org.testng.reporters.JUnitReportReporter -->
<testsuite name="tests.GetAttributePractice" tests="1" time="7.361" ignored="0" failures="0" timestamp="12 Jul 2019 05:59:05 GMT" skipped="0" hostname="DESKTOP-5TRQ2HB" errors="0">
  <testcase name="imageCheckUsingGetAttribute" time="7.361" classname="tests.GetAttributePractice"/>
</testsuite> <!-- tests.GetAttributePractice -->
