<?xml version="1.0" encoding="UTF-8"?>
<!-- Generated by org.testng.reporters.JUnitReportReporter -->
<testsuite hostname="DESKTOP-5TRQ2HB" name="tests.Countlinks" tests="1" failures="0" timestamp="16 Jul 2019 20:16:53 GMT" time="13.652" errors="0">
  <testcase name="Countinglinks" time="13.652" classname="tests.Countlinks"/>
</testsuite> <!-- tests.Countlinks -->
