<?xml version="1.0" encoding="UTF-8"?>
<!-- Generated by org.testng.reporters.JUnitReportReporter -->
<testsuite name="tests.DraganddropjQuery" tests="1" time="7.546" ignored="0" failures="0" timestamp="12 Jul 2019 19:44:58 GMT" skipped="0" hostname="DESKTOP-5TRQ2HB" errors="0">
  <testcase name="draganddrop" time="7.546" classname="tests.DraganddropjQuery"/>
</testsuite> <!-- tests.DraganddropjQuery -->
